[0.177s] Invoking command in '/home/pi/ydlidar_ros2_ws/build/nav2_voxel_grid': AMENT_PREFIX_PATH=/home/pi/ydlidar_ros2_ws/install/nav2_common:${AMENT_PREFIX_PATH} CMAKE_PREFIX_PATH=/home/pi/ydlidar_ros2_ws/install/nav2_common:/home/pi/ydlidar_ros2_ws/install/ydlidar_ros2_driver:/home/pi/ydlidar_ros2_ws/install/ps2_controller:/home/pi/ydlidar_ros2_ws/install/myagv_navigation2:/home/pi/ydlidar_ros2_ws/install/myagv_bringup:/home/pi/ydlidar_ros2_ws/install/myagv_description:/home/pi/ydlidar_ros2_ws/install/jdamr200_teleop:/home/pi/ydlidar_ros2_ws/install/jdamr200_node:/home/pi/finalagv_ros2_ws/install/agv:/opt/ros/foxy PYTHONPATH=/home/pi/ydlidar_ros2_ws/install/nav2_common/lib/python3.8/site-packages:${PYTHONPATH} /usr/bin/cmake /home/pi/ydlidar_ros2_ws/src/navigation2/nav2_voxel_grid -DAMENT_CMAKE_SYMLINK_INSTALL=1 -DCMAKE_INSTALL_PREFIX=/home/pi/ydlidar_ros2_ws/install/nav2_voxel_grid
[0.518s] -- The C compiler identification is GNU 9.4.0
[0.955s] -- The CXX compiler identification is GNU 9.4.0
[0.985s] -- Check for working C compiler: /usr/bin/cc
[1.419s] -- Check for working C compiler: /usr/bin/cc -- works
[1.427s] -- Detecting C compiler ABI info
[1.892s] -- Detecting C compiler ABI info - done
[1.955s] -- Detecting C compile features
[1.957s] -- Detecting C compile features - done
[1.973s] -- Check for working CXX compiler: /usr/bin/c++
[2.417s] -- Check for working CXX compiler: /usr/bin/c++ -- works
[2.421s] -- Detecting CXX compiler ABI info
[2.810s] -- Detecting CXX compiler ABI info - done
[2.857s] -- Detecting CXX compile features
[2.861s] -- Detecting CXX compile features - done
[2.895s] -- Found ament_cmake: 0.9.12 (/opt/ros/foxy/share/ament_cmake/cmake)
[3.136s] -- Found PythonInterp: /usr/bin/python3 (found suitable version "3.8.10", minimum required is "3") 
[3.137s] -- Using PYTHON_EXECUTABLE: /usr/bin/python3
[4.700s] -- Override CMake install command with custom implementation using symlinks instead of copying resources
[5.110s] -- Found nav2_common: 0.4.7 (/home/pi/ydlidar_ros2_ws/install/nav2_common/share/nav2_common/cmake)
[5.159s] -- Found rclcpp: 2.4.3 (/opt/ros/foxy/share/rclcpp/cmake)
[5.692s] -- Using all available rosidl_typesupport_c: rosidl_typesupport_fastrtps_c;rosidl_typesupport_introspection_c
[5.786s] -- Found rosidl_adapter: 1.3.1 (/opt/ros/foxy/share/rosidl_adapter/cmake)
[6.570s] -- Found OpenSSL: /usr/lib/aarch64-linux-gnu/libcrypto.so (found version "1.1.1f")  
[6.860s] -- Found FastRTPS: /opt/ros/foxy/include  
[7.586s] -- Using all available rosidl_typesupport_cpp: rosidl_typesupport_fastrtps_cpp;rosidl_typesupport_introspection_cpp
[8.151s] -- Found rmw_implementation_cmake: 1.0.4 (/opt/ros/foxy/share/rmw_implementation_cmake/cmake)
[8.163s] -- Using RMW implementation 'rmw_fastrtps_cpp' as default
[8.171s] -- Looking for pthread.h
[8.882s] -- Looking for pthread.h - found
[8.883s] -- Performing Test CMAKE_HAVE_LIBC_PTHREAD
[9.781s] -- Performing Test CMAKE_HAVE_LIBC_PTHREAD - Failed
[9.786s] -- Looking for pthread_create in pthreads
[10.607s] -- Looking for pthread_create in pthreads - not found
[10.610s] -- Looking for pthread_create in pthread
[11.516s] -- Looking for pthread_create in pthread - found
[11.524s] -- Found Threads: TRUE  
[12.419s] -- Setting build type to Release as none was specified.
[12.453s] -- Found ament_lint_auto: 0.9.8 (/opt/ros/foxy/share/ament_lint_auto/cmake)
[13.529s] -- Found gtest sources under '/opt/ros/foxy/src/gtest_vendor': C++ tests using 'Google Test' will be built
[13.539s] -- Check if compiler accepts -pthread
[14.758s] -- Check if compiler accepts -pthread - yes
[14.948s] -- Added test 'cppcheck' to perform static code analysis on C / C++ code
[14.949s] -- Configured cppcheck include dirs: /home/pi/ydlidar_ros2_ws/src/navigation2/nav2_voxel_grid/include
[14.950s] -- Configured cppcheck exclude dirs and/or files: 
[14.965s] -- Added test 'cpplint' to check C / C++ code against the Google style
[14.969s] -- Configured cpplint exclude dirs and/or files: 
[14.984s] -- Added test 'lint_cmake' to check CMake code style
[15.014s] -- Added test 'uncrustify' to check C / C++ code style
[15.019s] -- Configured uncrustify additional arguments: 
[15.027s] -- Added test 'xmllint' to check XML markup files
[15.154s] -- Configuring done
[15.324s] -- Generating done
[15.348s] -- Build files have been written to: /home/pi/ydlidar_ros2_ws/build/nav2_voxel_grid
[15.429s] Invoked command in '/home/pi/ydlidar_ros2_ws/build/nav2_voxel_grid' returned '0': AMENT_PREFIX_PATH=/home/pi/ydlidar_ros2_ws/install/nav2_common:${AMENT_PREFIX_PATH} CMAKE_PREFIX_PATH=/home/pi/ydlidar_ros2_ws/install/nav2_common:/home/pi/ydlidar_ros2_ws/install/ydlidar_ros2_driver:/home/pi/ydlidar_ros2_ws/install/ps2_controller:/home/pi/ydlidar_ros2_ws/install/myagv_navigation2:/home/pi/ydlidar_ros2_ws/install/myagv_bringup:/home/pi/ydlidar_ros2_ws/install/myagv_description:/home/pi/ydlidar_ros2_ws/install/jdamr200_teleop:/home/pi/ydlidar_ros2_ws/install/jdamr200_node:/home/pi/finalagv_ros2_ws/install/agv:/opt/ros/foxy PYTHONPATH=/home/pi/ydlidar_ros2_ws/install/nav2_common/lib/python3.8/site-packages:${PYTHONPATH} /usr/bin/cmake /home/pi/ydlidar_ros2_ws/src/navigation2/nav2_voxel_grid -DAMENT_CMAKE_SYMLINK_INSTALL=1 -DCMAKE_INSTALL_PREFIX=/home/pi/ydlidar_ros2_ws/install/nav2_voxel_grid
[15.432s] Invoking command in '/home/pi/ydlidar_ros2_ws/build/nav2_voxel_grid': AMENT_PREFIX_PATH=/home/pi/ydlidar_ros2_ws/install/nav2_common:${AMENT_PREFIX_PATH} CMAKE_PREFIX_PATH=/home/pi/ydlidar_ros2_ws/install/nav2_common:/home/pi/ydlidar_ros2_ws/install/ydlidar_ros2_driver:/home/pi/ydlidar_ros2_ws/install/ps2_controller:/home/pi/ydlidar_ros2_ws/install/myagv_navigation2:/home/pi/ydlidar_ros2_ws/install/myagv_bringup:/home/pi/ydlidar_ros2_ws/install/myagv_description:/home/pi/ydlidar_ros2_ws/install/jdamr200_teleop:/home/pi/ydlidar_ros2_ws/install/jdamr200_node:/home/pi/finalagv_ros2_ws/install/agv:/opt/ros/foxy PYTHONPATH=/home/pi/ydlidar_ros2_ws/install/nav2_common/lib/python3.8/site-packages:${PYTHONPATH} /usr/bin/cmake --build /home/pi/ydlidar_ros2_ws/build/nav2_voxel_grid -- -j4 -l4
[15.977s] [35m[1mScanning dependencies of target voxel_grid[0m
[15.981s] [35m[1mScanning dependencies of target gtest[0m
[16.026s] [35m[1mScanning dependencies of target gtest_main[0m
[16.251s] [ 12%] [32mBuilding CXX object gtest/CMakeFiles/gtest_main.dir/src/gtest_main.cc.o[0m
[16.266s] [ 25%] [32mBuilding CXX object gtest/CMakeFiles/gtest.dir/src/gtest-all.cc.o[0m
[16.441s] [ 37%] [32mBuilding CXX object CMakeFiles/voxel_grid.dir/src/voxel_grid.cpp.o[0m
[17.694s] make[2]: *** [CMakeFiles/voxel_grid.dir/build.make:63: CMakeFiles/voxel_grid.dir/src/voxel_grid.cpp.o] Interrupt
[17.701s] make[2]: *** [gtest/CMakeFiles/gtest.dir/build.make:63: gtest/CMakeFiles/gtest.dir/src/gtest-all.cc.o] Interrupt
[17.703s] make[2]: *** [gtest/CMakeFiles/gtest_main.dir/build.make:63: gtest/CMakeFiles/gtest_main.dir/src/gtest_main.cc.o] Interrupt
[17.704s] make[1]: *** [CMakeFiles/Makefile2:229: gtest/CMakeFiles/gtest_main.dir/all] Interrupt
[17.704s] make[1]: *** [CMakeFiles/Makefile2:256: gtest/CMakeFiles/gtest.dir/all] Interrupt
[17.704s] make[1]: *** [CMakeFiles/Makefile2:119: CMakeFiles/voxel_grid.dir/all] Interrupt
[17.705s] make: *** [Makefile:141: all] Interrupt
